[03:48:17] [ServerMain/INFO]: Environment: Environment[sessionHost=https://sessionserver.mojang.com, servicesHost=https://api.minecraftservices.com, name=PROD]
[03:48:18] [ServerMain/INFO]: Loaded 1290 recipes
[03:48:19] [ServerMain/INFO]: Loaded 1399 advancements
[03:48:19] [Server thread/INFO]: Starting minecraft server version 1.21
[03:48:19] [Server thread/INFO]: Loading properties
[03:48:19] [Server thread/INFO]: Default game type: SURVIVAL
[03:48:19] [Server thread/INFO]: Generating keypair
[03:48:19] [Server thread/INFO]: Starting Minecraft server on *:25565
[03:48:19] [Server thread/INFO]: Using epoll channel type
[03:48:19] [Server thread/WARN]: **** SERVER IS RUNNING IN OFFLINE/INSECURE MODE!
[03:48:19] [Server thread/WARN]: The server will make no attempt to authenticate usernames. Beware.
[03:48:19] [Server thread/WARN]: While this makes the game possible to play without internet access, it also opens up the ability for hackers to connect with any username they choose.
[03:48:19] [Server thread/WARN]: To change this, set "online-mode" to "true" in the server.properties file.
[03:48:19] [Server thread/INFO]: Preparing level "world"
[03:48:22] [Server thread/INFO]: Preparing start region for dimension minecraft:overworld
[03:48:22] [Worker-Main-1/INFO]: Preparing spawn area: 0%
[03:48:22] [Server thread/INFO]: Time elapsed: 487 ms
[03:48:22] [Server thread/INFO]: Done (3.081s)! For help, type "help"
[03:49:03] [Server thread/INFO]: A1lenSS[/[0:0:0:0:0:0:0:1%0]:43768] logged in with entity id 98 at (191.5, 67.0, -247.5)
[03:49:03] [Server thread/INFO]: A1lenSS joined the game
[03:49:43] [Server thread/INFO]: CamilaUva[/[0:0:0:0:0:0:0:1%0]:56702] logged in with entity id 392 at (198.48442269153412, 66.0, -256.5115087098271)
[03:49:43] [Server thread/INFO]: CamilaUva joined the game
[03:52:14] [Server thread/INFO]: A1lenSS has made the advancement [Stone Age]
[03:52:40] [Server thread/INFO]: A1lenSS has made the advancement [Getting an Upgrade]
[03:53:57] [Server thread/INFO]: CamilaUva has made the advancement [Stone Age]
[03:54:24] [Server thread/INFO]: CamilaUva has made the advancement [Getting an Upgrade]
[03:55:31] [Server thread/INFO]: CamilaUva has made the advancement [Acquire Hardware]
[03:55:33] [Server thread/INFO]: CamilaUva has made the advancement [Isn't It Iron Pick]
[03:55:57] [Server thread/INFO]: A1lenSS has made the advancement [Acquire Hardware]
[03:58:22] [Server thread/INFO]: CamilaUva has made the advancement [Sweet Dreams]
[03:58:27] [Server thread/INFO]: A1lenSS has made the advancement [Sweet Dreams]
[04:03:18] [Server thread/INFO]: Villager cmk['Villager'/251, l='ServerLevel[world]', x=203.49, y=74.02, z=-399.29] died, message: 'Villager was slain by CamilaUva'
[04:04:55] [Server thread/INFO]: A1lenSS has made the advancement [A Seedy Place]
[04:16:14] [Server thread/INFO]: A1lenSS has made the advancement [Monster Hunter]
[04:19:36] [Server thread/INFO]: A1lenSS was blown up by Creeper
[04:22:05] [Server thread/INFO]: A1lenSS has made the advancement [Suit Up]
[04:24:00] [Server thread/INFO]: [Not Secure] <A1lenSS> 130 - -410
[04:24:58] [Server thread/INFO]: A1lenSS has made the advancement [Isn't It Iron Pick]
